# JRE version: OpenJDK Runtime Environment Temurin-17.0.4.1+1 (17.0.4.1+1) (build 17.0.4.1+1)
# Java VM: OpenJDK 64-Bit Server VM Temurin-17.0.4.1+1 (17.0.4.1+1, mixed mode, emulated-client, tiered, compressed oops, compressed class ptrs, g1 gc, windows-amd64)
GC Precious Log:
 CPUs: 8 total, 8 available
 Memory: 16262M
 Large Page Support: Disabled
 NUMA Support: Disabled
 Compressed Oops: Enabled (Zero based)
 Heap Region Size: 2M
 Heap Min Capacity: 8M
 Heap Initial Capacity: 256M
 Heap Max Capacity: 4066M
 Pre-touch: Disabled
 Parallel Workers: 8
 Concurrent Workers: 2
 Concurrent Refinement Workers: 8
 Periodic GC: Disabled
Heap:
 garbage-first heap   total 137216K, used 40232K [0x0000000701e00000, 0x0000000800000000)
  region size 2048K, 1 young (2048K), 0 survivors (0K)
 Metaspace       used 54169K, committed 54720K, reserved 1097728K
  class space    used 7147K, committed 7360K, reserved 1048576K
GC Heap History (20 events):
Event: 13054.762 GC heap after
{Heap after GC invocations=943 (full 909):
 garbage-first heap   total 137216K, used 40130K [0x0000000701e00000, 0x0000000800000000)
  region size 2048K, 0 young (0K), 0 survivors (0K)
 Metaspace       used 54169K, committed 54720K, reserved 1097728K
  class space    used 7147K, committed 7360K, reserved 1048576K
}
Event: 13064.947 GC heap before
{Heap before GC invocations=943 (full 909):
 garbage-first heap   total 137216K, used 40130K [0x0000000701e00000, 0x0000000800000000)
  region size 2048K, 1 young (2048K), 0 survivors (0K)
 Metaspace       used 54169K, committed 54720K, reserved 1097728K
  class space    used 7147K, committed 7360K, reserved 1048576K
}
Event: 13064.981 GC heap after
{Heap after GC invocations=944 (full 910):
 garbage-first heap   total 137216K, used 40130K [0x0000000701e00000, 0x0000000800000000)
  region size 2048K, 0 young (0K), 0 survivors (0K)
 Metaspace       used 54169K, committed 54720K, reserved 1097728K
  class space    used 7147K, committed 7360K, reserved 1048576K
}
Event: 13075.179 GC heap before
{Heap before GC invocations=944 (full 910):
 garbage-first heap   total 137216K, used 40130K [0x0000000701e00000, 0x0000000800000000)
  region size 2048K, 1 young (2048K), 0 survivors (0K)
 Metaspace       used 54169K, committed 54720K, reserved 1097728K
  class space    used 7147K, committed 7360K, reserved 1048576K
}
Event: 13075.214 GC heap after
{Heap after GC invocations=945 (full 911):
 garbage-first heap   total 137216K, used 40130K [0x0000000701e00000, 0x0000000800000000)
  region size 2048K, 0 young (0K), 0 survivors (0K)
 Metaspace       used 54169K, committed 54720K, reserved 1097728K
  class space    used 7147K, committed 7360K, reserved 1048576K
}
Event: 13085.379 GC heap before
{Heap before GC invocations=945 (full 911):
 garbage-first heap   total 137216K, used 40130K [0x0000000701e00000, 0x0000000800000000)
  region size 2048K, 1 young (2048K), 0 survivors (0K)
 Metaspace       used 54169K, committed 54720K, reserved 1097728K
  class space    used 7147K, committed 7360K, reserved 1048576K
}
Event: 13085.414 GC heap after
{Heap after GC invocations=946 (full 912):
 garbage-first heap   total 137216K, used 40130K [0x0000000701e00000, 0x0000000800000000)
  region size 2048K, 0 young (0K), 0 survivors (0K)
 Metaspace       used 54169K, committed 54720K, reserved 1097728K
  class space    used 7147K, committed 7360K, reserved 1048576K
}
Event: 13095.597 GC heap before
{Heap before GC invocations=946 (full 912):
 garbage-first heap   total 137216K, used 40130K [0x0000000701e00000, 0x0000000800000000)
  region size 2048K, 1 young (2048K), 0 survivors (0K)
 Metaspace       used 54169K, committed 54720K, reserved 1097728K
  class space    used 7147K, committed 7360K, reserved 1048576K
}
Event: 13095.632 GC heap after
{Heap after GC invocations=947 (full 913):
 garbage-first heap   total 137216K, used 40130K [0x0000000701e00000, 0x0000000800000000)
  region size 2048K, 0 young (0K), 0 survivors (0K)
 Metaspace       used 54169K, committed 54720K, reserved 1097728K
  class space    used 7147K, committed 7360K, reserved 1048576K
}
Event: 13105.809 GC heap before
{Heap before GC invocations=947 (full 913):
 garbage-first heap   total 137216K, used 40130K [0x0000000701e00000, 0x0000000800000000)
  region size 2048K, 1 young (2048K), 0 survivors (0K)
 Metaspace       used 54169K, committed 54720K, reserved 1097728K
  class space    used 7147K, committed 7360K, reserved 1048576K
}
Event: 13105.842 GC heap after
{Heap after GC invocations=948 (full 914):
 garbage-first heap   total 137216K, used 40130K [0x0000000701e00000, 0x0000000800000000)
  region size 2048K, 0 young (0K), 0 survivors (0K)
 Metaspace       used 54169K, committed 54720K, reserved 1097728K
  class space    used 7147K, committed 7360K, reserved 1048576K
}
Event: 13116.051 GC heap before
{Heap before GC invocations=948 (full 914):
 garbage-first heap   total 137216K, used 40130K [0x0000000701e00000, 0x0000000800000000)
  region size 2048K, 1 young (2048K), 0 survivors (0K)
 Metaspace       used 54169K, committed 54720K, reserved 1097728K
  class space    used 7147K, committed 7360K, reserved 1048576K
}
Event: 13116.087 GC heap after
{Heap after GC invocations=949 (full 915):
 garbage-first heap   total 137216K, used 40130K [0x0000000701e00000, 0x0000000800000000)
  region size 2048K, 0 young (0K), 0 survivors (0K)
 Metaspace       used 54169K, committed 54720K, reserved 1097728K
  class space    used 7147K, committed 7360K, reserved 1048576K
}
Event: 13126.285 GC heap before
{Heap before GC invocations=949 (full 915):
 garbage-first heap   total 137216K, used 40130K [0x0000000701e00000, 0x0000000800000000)
  region size 2048K, 1 young (2048K), 0 survivors (0K)
 Metaspace       used 54169K, committed 54720K, reserved 1097728K
  class space    used 7147K, committed 7360K, reserved 1048576K
}
Event: 13126.320 GC heap after
{Heap after GC invocations=950 (full 916):
 garbage-first heap   total 137216K, used 40130K [0x0000000701e00000, 0x0000000800000000)
  region size 2048K, 0 young (0K), 0 survivors (0K)
 Metaspace       used 54169K, committed 54720K, reserved 1097728K
  class space    used 7147K, committed 7360K, reserved 1048576K
}
Event: 13136.489 GC heap before
{Heap before GC invocations=950 (full 916):
 garbage-first heap   total 137216K, used 40130K [0x0000000701e00000, 0x0000000800000000)
  region size 2048K, 1 young (2048K), 0 survivors (0K)
 Metaspace       used 54169K, committed 54720K, reserved 1097728K
  class space    used 7147K, committed 7360K, reserved 1048576K
}
Event: 13136.523 GC heap after
{Heap after GC invocations=951 (full 917):
 garbage-first heap   total 137216K, used 40130K [0x0000000701e00000, 0x0000000800000000)
  region size 2048K, 0 young (0K), 0 survivors (0K)
 Metaspace       used 54169K, committed 54720K, reserved 1097728K
  class space    used 7147K, committed 7360K, reserved 1048576K
}
Event: 13146.688 GC heap before
{Heap before GC invocations=951 (full 917):
 garbage-first heap   total 137216K, used 40130K [0x0000000701e00000, 0x0000000800000000)
  region size 2048K, 1 young (2048K), 0 survivors (0K)
 Metaspace       used 54169K, committed 54720K, reserved 1097728K
  class space    used 7147K, committed 7360K, reserved 1048576K
}
Event: 13146.724 GC heap after
{Heap after GC invocations=952 (full 918):
 garbage-first heap   total 137216K, used 40130K [0x0000000701e00000, 0x0000000800000000)
  region size 2048K, 0 young (0K), 0 survivors (0K)
 Metaspace       used 54169K, committed 54720K, reserved 1097728K
  class space    used 7147K, committed 7360K, reserved 1048576K
}
Event: 13156.897 GC heap before
{Heap before GC invocations=952 (full 918):
 garbage-first heap   total 137216K, used 40130K [0x0000000701e00000, 0x0000000800000000)
  region size 2048K, 1 young (2048K), 0 survivors (0K)
 Metaspace       used 54169K, committed 54720K, reserved 1097728K
  class space    used 7147K, committed 7360K, reserved 1048576K
}

