# JRE version: OpenJDK Runtime Environment Temurin-17.0.4.1+1 (17.0.4.1+1) (build 17.0.4.1+1)
# Java VM: OpenJDK 64-Bit Server VM Temurin-17.0.4.1+1 (17.0.4.1+1, mixed mode, emulated-client, tiered, compressed oops, compressed class ptrs, g1 gc, windows-amd64)
GC Precious Log:
 CPUs: 8 total, 8 available
 Memory: 16262M
 Large Page Support: Disabled
 NUMA Support: Disabled
 Compressed Oops: Enabled (Zero based)
 Heap Region Size: 2M
 Heap Min Capacity: 8M
 Heap Initial Capacity: 256M
 Heap Max Capacity: 4066M
 Pre-touch: Disabled
 Parallel Workers: 8
 Concurrent Workers: 2
 Concurrent Refinement Workers: 8
 Periodic GC: Disabled
Heap:
 garbage-first heap   total 116736K, used 39052K [0x0000000701e00000, 0x0000000800000000)
  region size 2048K, 1 young (2048K), 0 survivors (0K)
 Metaspace       used 55598K, committed 56000K, reserved 1097728K
  class space    used 7383K, committed 7552K, reserved 1048576K
GC Heap History (20 events):
Event: 88572.138 GC heap after
{Heap after GC invocations=2944 (full 2903):
 garbage-first heap   total 116736K, used 39030K [0x0000000701e00000, 0x0000000800000000)
  region size 2048K, 0 young (0K), 0 survivors (0K)
 Metaspace       used 55598K, committed 56000K, reserved 1097728K
  class space    used 7383K, committed 7552K, reserved 1048576K
}
Event: 88582.293 GC heap before
{Heap before GC invocations=2944 (full 2903):
 garbage-first heap   total 116736K, used 39030K [0x0000000701e00000, 0x0000000800000000)
  region size 2048K, 1 young (2048K), 0 survivors (0K)
 Metaspace       used 55598K, committed 56000K, reserved 1097728K
  class space    used 7383K, committed 7552K, reserved 1048576K
}
Event: 88582.349 GC heap after
{Heap after GC invocations=2945 (full 2904):
 garbage-first heap   total 116736K, used 39030K [0x0000000701e00000, 0x0000000800000000)
  region size 2048K, 0 young (0K), 0 survivors (0K)
 Metaspace       used 55598K, committed 56000K, reserved 1097728K
  class space    used 7383K, committed 7552K, reserved 1048576K
}
Event: 88592.526 GC heap before
{Heap before GC invocations=2945 (full 2904):
 garbage-first heap   total 116736K, used 39030K [0x0000000701e00000, 0x0000000800000000)
  region size 2048K, 1 young (2048K), 0 survivors (0K)
 Metaspace       used 55598K, committed 56000K, reserved 1097728K
  class space    used 7383K, committed 7552K, reserved 1048576K
}
Event: 88592.575 GC heap after
{Heap after GC invocations=2946 (full 2905):
 garbage-first heap   total 116736K, used 39030K [0x0000000701e00000, 0x0000000800000000)
  region size 2048K, 0 young (0K), 0 survivors (0K)
 Metaspace       used 55598K, committed 56000K, reserved 1097728K
  class space    used 7383K, committed 7552K, reserved 1048576K
}
Event: 88602.758 GC heap before
{Heap before GC invocations=2946 (full 2905):
 garbage-first heap   total 116736K, used 39030K [0x0000000701e00000, 0x0000000800000000)
  region size 2048K, 1 young (2048K), 0 survivors (0K)
 Metaspace       used 55598K, committed 56000K, reserved 1097728K
  class space    used 7383K, committed 7552K, reserved 1048576K
}
Event: 88602.810 GC heap after
{Heap after GC invocations=2947 (full 2906):
 garbage-first heap   total 116736K, used 39030K [0x0000000701e00000, 0x0000000800000000)
  region size 2048K, 0 young (0K), 0 survivors (0K)
 Metaspace       used 55598K, committed 56000K, reserved 1097728K
  class space    used 7383K, committed 7552K, reserved 1048576K
}
Event: 88612.986 GC heap before
{Heap before GC invocations=2947 (full 2906):
 garbage-first heap   total 116736K, used 39030K [0x0000000701e00000, 0x0000000800000000)
  region size 2048K, 1 young (2048K), 0 survivors (0K)
 Metaspace       used 55598K, committed 56000K, reserved 1097728K
  class space    used 7383K, committed 7552K, reserved 1048576K
}
Event: 88613.039 GC heap after
{Heap after GC invocations=2948 (full 2907):
 garbage-first heap   total 116736K, used 39030K [0x0000000701e00000, 0x0000000800000000)
  region size 2048K, 0 young (0K), 0 survivors (0K)
 Metaspace       used 55598K, committed 56000K, reserved 1097728K
  class space    used 7383K, committed 7552K, reserved 1048576K
}
Event: 88623.219 GC heap before
{Heap before GC invocations=2948 (full 2907):
 garbage-first heap   total 116736K, used 39030K [0x0000000701e00000, 0x0000000800000000)
  region size 2048K, 1 young (2048K), 0 survivors (0K)
 Metaspace       used 55598K, committed 56000K, reserved 1097728K
  class space    used 7383K, committed 7552K, reserved 1048576K
}
Event: 88623.265 GC heap after
{Heap after GC invocations=2949 (full 2908):
 garbage-first heap   total 116736K, used 39030K [0x0000000701e00000, 0x0000000800000000)
  region size 2048K, 0 young (0K), 0 survivors (0K)
 Metaspace       used 55598K, committed 56000K, reserved 1097728K
  class space    used 7383K, committed 7552K, reserved 1048576K
}
Event: 88633.453 GC heap before
{Heap before GC invocations=2949 (full 2908):
 garbage-first heap   total 116736K, used 39030K [0x0000000701e00000, 0x0000000800000000)
  region size 2048K, 1 young (2048K), 0 survivors (0K)
 Metaspace       used 55598K, committed 56000K, reserved 1097728K
  class space    used 7383K, committed 7552K, reserved 1048576K
}
Event: 88633.503 GC heap after
{Heap after GC invocations=2950 (full 2909):
 garbage-first heap   total 116736K, used 39030K [0x0000000701e00000, 0x0000000800000000)
  region size 2048K, 0 young (0K), 0 survivors (0K)
 Metaspace       used 55598K, committed 56000K, reserved 1097728K
  class space    used 7383K, committed 7552K, reserved 1048576K
}
Event: 88643.704 GC heap before
{Heap before GC invocations=2950 (full 2909):
 garbage-first heap   total 116736K, used 39030K [0x0000000701e00000, 0x0000000800000000)
  region size 2048K, 1 young (2048K), 0 survivors (0K)
 Metaspace       used 55598K, committed 56000K, reserved 1097728K
  class space    used 7383K, committed 7552K, reserved 1048576K
}
Event: 88643.775 GC heap after
{Heap after GC invocations=2951 (full 2910):
 garbage-first heap   total 116736K, used 39030K [0x0000000701e00000, 0x0000000800000000)
  region size 2048K, 0 young (0K), 0 survivors (0K)
 Metaspace       used 55598K, committed 56000K, reserved 1097728K
  class space    used 7383K, committed 7552K, reserved 1048576K
}
Event: 88654.037 GC heap before
{Heap before GC invocations=2951 (full 2910):
 garbage-first heap   total 116736K, used 39030K [0x0000000701e00000, 0x0000000800000000)
  region size 2048K, 1 young (2048K), 0 survivors (0K)
 Metaspace       used 55598K, committed 56000K, reserved 1097728K
  class space    used 7383K, committed 7552K, reserved 1048576K
}
Event: 88654.091 GC heap after
{Heap after GC invocations=2952 (full 2911):
 garbage-first heap   total 116736K, used 39030K [0x0000000701e00000, 0x0000000800000000)
  region size 2048K, 0 young (0K), 0 survivors (0K)
 Metaspace       used 55598K, committed 56000K, reserved 1097728K
  class space    used 7383K, committed 7552K, reserved 1048576K
}
Event: 88664.250 GC heap before
{Heap before GC invocations=2952 (full 2911):
 garbage-first heap   total 116736K, used 39030K [0x0000000701e00000, 0x0000000800000000)
  region size 2048K, 1 young (2048K), 0 survivors (0K)
 Metaspace       used 55598K, committed 56000K, reserved 1097728K
  class space    used 7383K, committed 7552K, reserved 1048576K
}
Event: 88664.295 GC heap after
{Heap after GC invocations=2953 (full 2912):
 garbage-first heap   total 116736K, used 39030K [0x0000000701e00000, 0x0000000800000000)
  region size 2048K, 0 young (0K), 0 survivors (0K)
 Metaspace       used 55598K, committed 56000K, reserved 1097728K
  class space    used 7383K, committed 7552K, reserved 1048576K
}
Event: 88674.522 GC heap before
{Heap before GC invocations=2953 (full 2912):
 garbage-first heap   total 116736K, used 39030K [0x0000000701e00000, 0x0000000800000000)
  region size 2048K, 1 young (2048K), 0 survivors (0K)
 Metaspace       used 55598K, committed 56000K, reserved 1097728K
  class space    used 7383K, committed 7552K, reserved 1048576K
}

