# JRE version: OpenJDK Runtime Environment Temurin-17.0.4.1+1 (17.0.4.1+1) (build 17.0.4.1+1)
# Java VM: OpenJDK 64-Bit Server VM Temurin-17.0.4.1+1 (17.0.4.1+1, mixed mode, tiered, compressed oops, compressed class ptrs, parallel gc, windows-amd64)
GC Precious Log:
 CPUs: 8 total, 8 available
 Memory: 16262M
 Large Page Support: Disabled
 NUMA Support: Disabled
 Compressed Oops: Enabled (32-bit)
 Alignments: Space 512K, Generation 512K, Heap 2M
 Heap Min Capacity: 100M
 Heap Initial Capacity: 100M
 Heap Max Capacity: 1G
 Pre-touch: Disabled
 Parallel Workers: 8
Heap:
 PSYoungGen      total 7168K, used 1520K [0x00000000eab00000, 0x00000000ebc80000, 0x0000000100000000)
  eden space 5632K, 0% used [0x00000000eab00000,0x00000000eab00000,0x00000000eb080000)
  from space 1536K, 98% used [0x00000000eb080000,0x00000000eb1fc138,0x00000000eb200000)
  to   space 6144K, 0% used [0x00000000eb680000,0x00000000eb680000,0x00000000ebc80000)
 ParOldGen       total 348160K, used 346359K [0x00000000c0000000, 0x00000000d5400000, 0x00000000eab00000)
  object space 348160K, 99% used [0x00000000c0000000,0x00000000d523dc78,0x00000000d5400000)
 Metaspace       used 105465K, committed 107008K, reserved 1146880K
  class space    used 11107K, committed 11776K, reserved 1048576K
GC Heap History (20 events):
Event: 337922.557 GC heap after
{Heap after GC invocations=86235 (full 1572):
 PSYoungGen      total 4096K, used 362K [0x00000000eab00000, 0x00000000eb000000, 0x0000000100000000)
  eden space 3584K, 0% used [0x00000000eab00000,0x00000000eab00000,0x00000000eae80000)
  from space 512K, 70% used [0x00000000eaf80000,0x00000000eafda910,0x00000000eb000000)
  to   space 512K, 0% used [0x00000000eae80000,0x00000000eae80000,0x00000000eaf00000)
 ParOldGen       total 348160K, used 335795K [0x00000000c0000000, 0x00000000d5400000, 0x00000000eab00000)
  object space 348160K, 96% used [0x00000000c0000000,0x00000000d47ecc30,0x00000000d5400000)
 Metaspace       used 105465K, committed 107008K, reserved 1146880K
  class space    used 11107K, committed 11776K, reserved 1048576K
}
Event: 337922.564 GC heap before
{Heap before GC invocations=86236 (full 1572):
 PSYoungGen      total 4096K, used 3946K [0x00000000eab00000, 0x00000000eb000000, 0x0000000100000000)
  eden space 3584K, 100% used [0x00000000eab00000,0x00000000eae80000,0x00000000eae80000)
  from space 512K, 70% used [0x00000000eaf80000,0x00000000eafda910,0x00000000eb000000)
  to   space 512K, 0% used [0x00000000eae80000,0x00000000eae80000,0x00000000eaf00000)
 ParOldGen       total 348160K, used 335795K [0x00000000c0000000, 0x00000000d5400000, 0x00000000eab00000)
  object space 348160K, 96% used [0x00000000c0000000,0x00000000d47ecc30,0x00000000d5400000)
 Metaspace       used 105465K, committed 107008K, reserved 1146880K
  class space    used 11107K, committed 11776K, reserved 1048576K
}
Event: 337922.565 GC heap after
{Heap after GC invocations=86236 (full 1572):
 PSYoungGen      total 4096K, used 512K [0x00000000eab00000, 0x00000000eb080000, 0x0000000100000000)
  eden space 3584K, 0% used [0x00000000eab00000,0x00000000eab00000,0x00000000eae80000)
  from space 512K, 100% used [0x00000000eae80000,0x00000000eaf00000,0x00000000eaf00000)
  to   space 1024K, 0% used [0x00000000eaf80000,0x00000000eaf80000,0x00000000eb080000)
 ParOldGen       total 348160K, used 336108K [0x00000000c0000000, 0x00000000d5400000, 0x00000000eab00000)
  object space 348160K, 96% used [0x00000000c0000000,0x00000000d483b0e8,0x00000000d5400000)
 Metaspace       used 105465K, committed 107008K, reserved 1146880K
  class space    used 11107K, committed 11776K, reserved 1048576K
}
Event: 337922.572 GC heap before
{Heap before GC invocations=86237 (full 1572):
 PSYoungGen      total 4096K, used 4096K [0x00000000eab00000, 0x00000000eb080000, 0x0000000100000000)
  eden space 3584K, 100% used [0x00000000eab00000,0x00000000eae80000,0x00000000eae80000)
  from space 512K, 100% used [0x00000000eae80000,0x00000000eaf00000,0x00000000eaf00000)
  to   space 1024K, 0% used [0x00000000eaf80000,0x00000000eaf80000,0x00000000eb080000)
 ParOldGen       total 348160K, used 336108K [0x00000000c0000000, 0x00000000d5400000, 0x00000000eab00000)
  object space 348160K, 96% used [0x00000000c0000000,0x00000000d483b0e8,0x00000000d5400000)
 Metaspace       used 105465K, committed 107008K, reserved 1146880K
  class space    used 11107K, committed 11776K, reserved 1048576K
}
Event: 337922.573 GC heap after
{Heap after GC invocations=86237 (full 1572):
 PSYoungGen      total 4608K, used 778K [0x00000000eab00000, 0x00000000eb080000, 0x0000000100000000)
  eden space 3584K, 0% used [0x00000000eab00000,0x00000000eab00000,0x00000000eae80000)
  from space 1024K, 76% used [0x00000000eaf80000,0x00000000eb042910,0x00000000eb080000)
  to   space 1024K, 0% used [0x00000000eae80000,0x00000000eae80000,0x00000000eaf80000)
 ParOldGen       total 348160K, used 336452K [0x00000000c0000000, 0x00000000d5400000, 0x00000000eab00000)
  object space 348160K, 96% used [0x00000000c0000000,0x00000000d48910e8,0x00000000d5400000)
 Metaspace       used 105465K, committed 107008K, reserved 1146880K
  class space    used 11107K, committed 11776K, reserved 1048576K
}
Event: 337922.580 GC heap before
{Heap before GC invocations=86238 (full 1572):
 PSYoungGen      total 4608K, used 4362K [0x00000000eab00000, 0x00000000eb080000, 0x0000000100000000)
  eden space 3584K, 100% used [0x00000000eab00000,0x00000000eae80000,0x00000000eae80000)
  from space 1024K, 76% used [0x00000000eaf80000,0x00000000eb042910,0x00000000eb080000)
  to   space 1024K, 0% used [0x00000000eae80000,0x00000000eae80000,0x00000000eaf80000)
 ParOldGen       total 348160K, used 336452K [0x00000000c0000000, 0x00000000d5400000, 0x00000000eab00000)
  object space 348160K, 96% used [0x00000000c0000000,0x00000000d48910e8,0x00000000d5400000)
 Metaspace       used 105465K, committed 107008K, reserved 1146880K
  class space    used 11107K, committed 11776K, reserved 1048576K
}
Event: 337922.581 GC heap after
{Heap after GC invocations=86238 (full 1572):
 PSYoungGen      total 4608K, used 756K [0x00000000eab00000, 0x00000000eb080000, 0x0000000100000000)
  eden space 3584K, 0% used [0x00000000eab00000,0x00000000eab00000,0x00000000eae80000)
  from space 1024K, 73% used [0x00000000eae80000,0x00000000eaf3d200,0x00000000eaf80000)
  to   space 1024K, 0% used [0x00000000eaf80000,0x00000000eaf80000,0x00000000eb080000)
 ParOldGen       total 348160K, used 337088K [0x00000000c0000000, 0x00000000d5400000, 0x00000000eab00000)
  object space 348160K, 96% used [0x00000000c0000000,0x00000000d4930308,0x00000000d5400000)
 Metaspace       used 105465K, committed 107008K, reserved 1146880K
  class space    used 11107K, committed 11776K, reserved 1048576K
}
Event: 337922.590 GC heap before
{Heap before GC invocations=86239 (full 1572):
 PSYoungGen      total 4608K, used 4340K [0x00000000eab00000, 0x00000000eb080000, 0x0000000100000000)
  eden space 3584K, 100% used [0x00000000eab00000,0x00000000eae80000,0x00000000eae80000)
  from space 1024K, 73% used [0x00000000eae80000,0x00000000eaf3d200,0x00000000eaf80000)
  to   space 1024K, 0% used [0x00000000eaf80000,0x00000000eaf80000,0x00000000eb080000)
 ParOldGen       total 348160K, used 337088K [0x00000000c0000000, 0x00000000d5400000, 0x00000000eab00000)
  object space 348160K, 96% used [0x00000000c0000000,0x00000000d4930308,0x00000000d5400000)
 Metaspace       used 105465K, committed 107008K, reserved 1146880K
  class space    used 11107K, committed 11776K, reserved 1048576K
}
Event: 337922.592 GC heap after
{Heap after GC invocations=86239 (full 1572):
 PSYoungGen      total 4608K, used 660K [0x00000000eab00000, 0x00000000eb080000, 0x0000000100000000)
  eden space 3584K, 0% used [0x00000000eab00000,0x00000000eab00000,0x00000000eae80000)
  from space 1024K, 64% used [0x00000000eaf80000,0x00000000eb025200,0x00000000eb080000)
  to   space 1024K, 0% used [0x00000000eae80000,0x00000000eae80000,0x00000000eaf80000)
 ParOldGen       total 348160K, used 337745K [0x00000000c0000000, 0x00000000d5400000, 0x00000000eab00000)
  object space 348160K, 97% used [0x00000000c0000000,0x00000000d49d4538,0x00000000d5400000)
 Metaspace       used 105465K, committed 107008K, reserved 1146880K
  class space    used 11107K, committed 11776K, reserved 1048576K
}
Event: 337922.599 GC heap before
{Heap before GC invocations=86240 (full 1572):
 PSYoungGen      total 4608K, used 4244K [0x00000000eab00000, 0x00000000eb080000, 0x0000000100000000)
  eden space 3584K, 100% used [0x00000000eab00000,0x00000000eae80000,0x00000000eae80000)
  from space 1024K, 64% used [0x00000000eaf80000,0x00000000eb025200,0x00000000eb080000)
  to   space 1024K, 0% used [0x00000000eae80000,0x00000000eae80000,0x00000000eaf80000)
 ParOldGen       total 348160K, used 337745K [0x00000000c0000000, 0x00000000d5400000, 0x00000000eab00000)
  object space 348160K, 97% used [0x00000000c0000000,0x00000000d49d4538,0x00000000d5400000)
 Metaspace       used 105465K, committed 107008K, reserved 1146880K
  class space    used 11107K, committed 11776K, reserved 1048576K
}
Event: 337922.601 GC heap after
{Heap after GC invocations=86240 (full 1572):
 PSYoungGen      total 4608K, used 1018K [0x00000000eab00000, 0x00000000eb480000, 0x0000000100000000)
  eden space 3584K, 0% used [0x00000000eab00000,0x00000000eab00000,0x00000000eae80000)
  from space 1024K, 99% used [0x00000000eae80000,0x00000000eaf7e900,0x00000000eaf80000)
  to   space 2560K, 0% used [0x00000000eb200000,0x00000000eb200000,0x00000000eb480000)
 ParOldGen       total 348160K, used 338673K [0x00000000c0000000, 0x00000000d5400000, 0x00000000eab00000)
  object space 348160K, 97% used [0x00000000c0000000,0x00000000d4abc788,0x00000000d5400000)
 Metaspace       used 105465K, committed 107008K, reserved 1146880K
  class space    used 11107K, committed 11776K, reserved 1048576K
}
Event: 337922.610 GC heap before
{Heap before GC invocations=86241 (full 1572):
 PSYoungGen      total 4608K, used 4602K [0x00000000eab00000, 0x00000000eb480000, 0x0000000100000000)
  eden space 3584K, 100% used [0x00000000eab00000,0x00000000eae80000,0x00000000eae80000)
  from space 1024K, 99% used [0x00000000eae80000,0x00000000eaf7e900,0x00000000eaf80000)
  to   space 2560K, 0% used [0x00000000eb200000,0x00000000eb200000,0x00000000eb480000)
 ParOldGen       total 348160K, used 338673K [0x00000000c0000000, 0x00000000d5400000, 0x00000000eab00000)
  object space 348160K, 97% used [0x00000000c0000000,0x00000000d4abc788,0x00000000d5400000)
 Metaspace       used 105465K, committed 107008K, reserved 1146880K
  class space    used 11107K, committed 11776K, reserved 1048576K
}
Event: 337922.613 GC heap after
{Heap after GC invocations=86241 (full 1572):
 PSYoungGen      total 6144K, used 1428K [0x00000000eab00000, 0x00000000eb380000, 0x0000000100000000)
  eden space 4608K, 0% used [0x00000000eab00000,0x00000000eab00000,0x00000000eaf80000)
  from space 1536K, 93% used [0x00000000eb200000,0x00000000eb365200,0x00000000eb380000)
  to   space 2048K, 0% used [0x00000000eaf80000,0x00000000eaf80000,0x00000000eb180000)
 ParOldGen       total 348160K, used 339678K [0x00000000c0000000, 0x00000000d5400000, 0x00000000eab00000)
  object space 348160K, 97% used [0x00000000c0000000,0x00000000d4bb79a8,0x00000000d5400000)
 Metaspace       used 105465K, committed 107008K, reserved 1146880K
  class space    used 11107K, committed 11776K, reserved 1048576K
}
Event: 337922.624 GC heap before
{Heap before GC invocations=86242 (full 1572):
 PSYoungGen      total 6144K, used 6036K [0x00000000eab00000, 0x00000000eb380000, 0x0000000100000000)
  eden space 4608K, 100% used [0x00000000eab00000,0x00000000eaf80000,0x00000000eaf80000)
  from space 1536K, 93% used [0x00000000eb200000,0x00000000eb365200,0x00000000eb380000)
  to   space 2048K, 0% used [0x00000000eaf80000,0x00000000eaf80000,0x00000000eb180000)
 ParOldGen       total 348160K, used 339678K [0x00000000c0000000, 0x00000000d5400000, 0x00000000eab00000)
  object space 348160K, 97% used [0x00000000c0000000,0x00000000d4bb79a8,0x00000000d5400000)
 Metaspace       used 105465K, committed 107008K, reserved 1146880K
  class space    used 11107K, committed 11776K, reserved 1048576K
}
Event: 337922.627 GC heap after
{Heap after GC invocations=86242 (full 1572):
 PSYoungGen      total 6656K, used 1674K [0x00000000eab00000, 0x00000000eb480000, 0x0000000100000000)
  eden space 4608K, 0% used [0x00000000eab00000,0x00000000eab00000,0x00000000eaf80000)
  from space 2048K, 81% used [0x00000000eaf80000,0x00000000eb122910,0x00000000eb180000)
  to   space 2048K, 0% used [0x00000000eb280000,0x00000000eb280000,0x00000000eb480000)
 ParOldGen       total 348160K, used 340987K [0x00000000c0000000, 0x00000000d5400000, 0x00000000eab00000)
  object space 348160K, 97% used [0x00000000c0000000,0x00000000d4cfef70,0x00000000d5400000)
 Metaspace       used 105465K, committed 107008K, reserved 1146880K
  class space    used 11107K, committed 11776K, reserved 1048576K
}
Event: 337923.100 GC heap before
{Heap before GC invocations=86243 (full 1572):
 PSYoungGen      total 6656K, used 6282K [0x00000000eab00000, 0x00000000eb480000, 0x0000000100000000)
  eden space 4608K, 100% used [0x00000000eab00000,0x00000000eaf80000,0x00000000eaf80000)
  from space 2048K, 81% used [0x00000000eaf80000,0x00000000eb122910,0x00000000eb180000)
  to   space 2048K, 0% used [0x00000000eb280000,0x00000000eb280000,0x00000000eb480000)
 ParOldGen       total 348160K, used 340987K [0x00000000c0000000, 0x00000000d5400000, 0x00000000eab00000)
  object space 348160K, 97% used [0x00000000c0000000,0x00000000d4cfef70,0x00000000d5400000)
 Metaspace       used 105465K, committed 107008K, reserved 1146880K
  class space    used 11107K, committed 11776K, reserved 1048576K
}
Event: 337923.104 GC heap after
{Heap after GC invocations=86243 (full 1572):
 PSYoungGen      total 5632K, used 928K [0x00000000eab00000, 0x00000000eb380000, 0x0000000100000000)
  eden space 4608K, 0% used [0x00000000eab00000,0x00000000eab00000,0x00000000eaf80000)
  from space 1024K, 90% used [0x00000000eb280000,0x00000000eb368000,0x00000000eb380000)
  to   space 1536K, 0% used [0x00000000eb080000,0x00000000eb080000,0x00000000eb200000)
 ParOldGen       total 348160K, used 342566K [0x00000000c0000000, 0x00000000d5400000, 0x00000000eab00000)
  object space 348160K, 98% used [0x00000000c0000000,0x00000000d4e89b20,0x00000000d5400000)
 Metaspace       used 105465K, committed 107008K, reserved 1146880K
  class space    used 11107K, committed 11776K, reserved 1048576K
}
Event: 337923.121 GC heap before
{Heap before GC invocations=86244 (full 1572):
 PSYoungGen      total 5632K, used 5536K [0x00000000eab00000, 0x00000000eb380000, 0x0000000100000000)
  eden space 4608K, 100% used [0x00000000eab00000,0x00000000eaf80000,0x00000000eaf80000)
  from space 1024K, 90% used [0x00000000eb280000,0x00000000eb368000,0x00000000eb380000)
  to   space 1536K, 0% used [0x00000000eb080000,0x00000000eb080000,0x00000000eb200000)
 ParOldGen       total 348160K, used 342566K [0x00000000c0000000, 0x00000000d5400000, 0x00000000eab00000)
  object space 348160K, 98% used [0x00000000c0000000,0x00000000d4e89b20,0x00000000d5400000)
 Metaspace       used 105465K, committed 107008K, reserved 1146880K
  class space    used 11107K, committed 11776K, reserved 1048576K
}
Event: 337923.127 GC heap after
{Heap after GC invocations=86244 (full 1572):
 PSYoungGen      total 7168K, used 1520K [0x00000000eab00000, 0x00000000ebc80000, 0x0000000100000000)
  eden space 5632K, 0% used [0x00000000eab00000,0x00000000eab00000,0x00000000eb080000)
  from space 1536K, 98% used [0x00000000eb080000,0x00000000eb1fc138,0x00000000eb200000)
  to   space 6144K, 0% used [0x00000000eb680000,0x00000000eb680000,0x00000000ebc80000)
 ParOldGen       total 348160K, used 346359K [0x00000000c0000000, 0x00000000d5400000, 0x00000000eab00000)
  object space 348160K, 99% used [0x00000000c0000000,0x00000000d523dc78,0x00000000d5400000)
 Metaspace       used 105465K, committed 107008K, reserved 1146880K
  class space    used 11107K, committed 11776K, reserved 1048576K
}
Event: 337923.127 GC heap before
{Heap before GC invocations=86245 (full 1573):
 PSYoungGen      total 7168K, used 1520K [0x00000000eab00000, 0x00000000ebc80000, 0x0000000100000000)
  eden space 5632K, 0% used [0x00000000eab00000,0x00000000eab00000,0x00000000eb080000)
  from space 1536K, 98% used [0x00000000eb080000,0x00000000eb1fc138,0x00000000eb200000)
  to   space 6144K, 0% used [0x00000000eb680000,0x00000000eb680000,0x00000000ebc80000)
 ParOldGen       total 348160K, used 346359K [0x00000000c0000000, 0x00000000d5400000, 0x00000000eab00000)
  object space 348160K, 99% used [0x00000000c0000000,0x00000000d523dc78,0x00000000d5400000)
 Metaspace       used 105465K, committed 107008K, reserved 1146880K
  class space    used 11107K, committed 11776K, reserved 1048576K
}

