# JRE version: OpenJDK Runtime Environment Temurin-17.0.4.1+1 (17.0.4.1+1) (build 17.0.4.1+1)
# Java VM: OpenJDK 64-Bit Server VM Temurin-17.0.4.1+1 (17.0.4.1+1, mixed mode, tiered, compressed oops, compressed class ptrs, parallel gc, windows-amd64)
GC Precious Log:
 CPUs: 8 total, 8 available
 Memory: 16262M
 Large Page Support: Disabled
 NUMA Support: Disabled
 Compressed Oops: Enabled (32-bit)
 Alignments: Space 512K, Generation 512K, Heap 2M
 Heap Min Capacity: 100M
 Heap Initial Capacity: 100M
 Heap Max Capacity: 1G
 Pre-touch: Disabled
 Parallel Workers: 8
Heap:
 PSYoungGen      total 8192K, used 3540K [0x00000000eab00000, 0x00000000eb780000, 0x0000000100000000)
  eden space 4608K, 0% used [0x00000000eab00000,0x00000000eab00000,0x00000000eaf80000)
  from space 3584K, 98% used [0x00000000eb000000,0x00000000eb375200,0x00000000eb380000)
  to   space 4096K, 0% used [0x00000000eb380000,0x00000000eb380000,0x00000000eb780000)
 ParOldGen       total 240640K, used 237057K [0x00000000c0000000, 0x00000000ceb00000, 0x00000000eab00000)
  object space 240640K, 98% used [0x00000000c0000000,0x00000000ce780798,0x00000000ceb00000)
 Metaspace       used 82741K, committed 83712K, reserved 1130496K
  class space    used 8133K, committed 8512K, reserved 1048576K
GC Heap History (20 events):
Event: 40177.622 GC heap after
{Heap after GC invocations=5618 (full 162):
 PSYoungGen      total 4096K, used 192K [0x00000000eab00000, 0x00000000eb000000, 0x0000000100000000)
  eden space 3584K, 0% used [0x00000000eab00000,0x00000000eab00000,0x00000000eae80000)
  from space 512K, 37% used [0x00000000eaf80000,0x00000000eafb0000,0x00000000eb000000)
  to   space 512K, 0% used [0x00000000eae80000,0x00000000eae80000,0x00000000eaf00000)
 ParOldGen       total 240640K, used 226948K [0x00000000c0000000, 0x00000000ceb00000, 0x00000000eab00000)
  object space 240640K, 94% used [0x00000000c0000000,0x00000000cdda1200,0x00000000ceb00000)
 Metaspace       used 82735K, committed 83712K, reserved 1130496K
  class space    used 8133K, committed 8512K, reserved 1048576K
}
Event: 40177.632 GC heap before
{Heap before GC invocations=5619 (full 162):
 PSYoungGen      total 4096K, used 3776K [0x00000000eab00000, 0x00000000eb000000, 0x0000000100000000)
  eden space 3584K, 100% used [0x00000000eab00000,0x00000000eae80000,0x00000000eae80000)
  from space 512K, 37% used [0x00000000eaf80000,0x00000000eafb0000,0x00000000eb000000)
  to   space 512K, 0% used [0x00000000eae80000,0x00000000eae80000,0x00000000eaf00000)
 ParOldGen       total 240640K, used 226948K [0x00000000c0000000, 0x00000000ceb00000, 0x00000000eab00000)
  object space 240640K, 94% used [0x00000000c0000000,0x00000000cdda1200,0x00000000ceb00000)
 Metaspace       used 82735K, committed 83712K, reserved 1130496K
  class space    used 8133K, committed 8512K, reserved 1048576K
}
Event: 40177.633 GC heap after
{Heap after GC invocations=5619 (full 162):
 PSYoungGen      total 4096K, used 222K [0x00000000eab00000, 0x00000000eb000000, 0x0000000100000000)
  eden space 3584K, 0% used [0x00000000eab00000,0x00000000eab00000,0x00000000eae80000)
  from space 512K, 43% used [0x00000000eae80000,0x00000000eaeb7ba8,0x00000000eaf00000)
  to   space 512K, 0% used [0x00000000eaf80000,0x00000000eaf80000,0x00000000eb000000)
 ParOldGen       total 240640K, used 226996K [0x00000000c0000000, 0x00000000ceb00000, 0x00000000eab00000)
  object space 240640K, 94% used [0x00000000c0000000,0x00000000cddad200,0x00000000ceb00000)
 Metaspace       used 82735K, committed 83712K, reserved 1130496K
  class space    used 8133K, committed 8512K, reserved 1048576K
}
Event: 40177.644 GC heap before
{Heap before GC invocations=5620 (full 162):
 PSYoungGen      total 4096K, used 3806K [0x00000000eab00000, 0x00000000eb000000, 0x0000000100000000)
  eden space 3584K, 100% used [0x00000000eab00000,0x00000000eae80000,0x00000000eae80000)
  from space 512K, 43% used [0x00000000eae80000,0x00000000eaeb7ba8,0x00000000eaf00000)
  to   space 512K, 0% used [0x00000000eaf80000,0x00000000eaf80000,0x00000000eb000000)
 ParOldGen       total 240640K, used 226996K [0x00000000c0000000, 0x00000000ceb00000, 0x00000000eab00000)
  object space 240640K, 94% used [0x00000000c0000000,0x00000000cddad200,0x00000000ceb00000)
 Metaspace       used 82735K, committed 83712K, reserved 1130496K
  class space    used 8133K, committed 8512K, reserved 1048576K
}
Event: 40177.646 GC heap after
{Heap after GC invocations=5620 (full 162):
 PSYoungGen      total 4096K, used 192K [0x00000000eab00000, 0x00000000eb000000, 0x0000000100000000)
  eden space 3584K, 0% used [0x00000000eab00000,0x00000000eab00000,0x00000000eae80000)
  from space 512K, 37% used [0x00000000eaf80000,0x00000000eafb0000,0x00000000eb000000)
  to   space 512K, 0% used [0x00000000eae80000,0x00000000eae80000,0x00000000eaf00000)
 ParOldGen       total 240640K, used 227151K [0x00000000c0000000, 0x00000000ceb00000, 0x00000000eab00000)
  object space 240640K, 94% used [0x00000000c0000000,0x00000000cddd3fc8,0x00000000ceb00000)
 Metaspace       used 82735K, committed 83712K, reserved 1130496K
  class space    used 8133K, committed 8512K, reserved 1048576K
}
Event: 40177.656 GC heap before
{Heap before GC invocations=5621 (full 162):
 PSYoungGen      total 4096K, used 3776K [0x00000000eab00000, 0x00000000eb000000, 0x0000000100000000)
  eden space 3584K, 100% used [0x00000000eab00000,0x00000000eae80000,0x00000000eae80000)
  from space 512K, 37% used [0x00000000eaf80000,0x00000000eafb0000,0x00000000eb000000)
  to   space 512K, 0% used [0x00000000eae80000,0x00000000eae80000,0x00000000eaf00000)
 ParOldGen       total 240640K, used 227151K [0x00000000c0000000, 0x00000000ceb00000, 0x00000000eab00000)
  object space 240640K, 94% used [0x00000000c0000000,0x00000000cddd3fc8,0x00000000ceb00000)
 Metaspace       used 82735K, committed 83712K, reserved 1130496K
  class space    used 8133K, committed 8512K, reserved 1048576K
}
Event: 40177.657 GC heap after
{Heap after GC invocations=5621 (full 162):
 PSYoungGen      total 4096K, used 160K [0x00000000eab00000, 0x00000000eb000000, 0x0000000100000000)
  eden space 3584K, 0% used [0x00000000eab00000,0x00000000eab00000,0x00000000eae80000)
  from space 512K, 31% used [0x00000000eae80000,0x00000000eaea8000,0x00000000eaf00000)
  to   space 512K, 0% used [0x00000000eaf80000,0x00000000eaf80000,0x00000000eb000000)
 ParOldGen       total 240640K, used 227183K [0x00000000c0000000, 0x00000000ceb00000, 0x00000000eab00000)
  object space 240640K, 94% used [0x00000000c0000000,0x00000000cdddbfc8,0x00000000ceb00000)
 Metaspace       used 82735K, committed 83712K, reserved 1130496K
  class space    used 8133K, committed 8512K, reserved 1048576K
}
Event: 40184.837 GC heap before
{Heap before GC invocations=5622 (full 162):
 PSYoungGen      total 4096K, used 3723K [0x00000000eab00000, 0x00000000eb000000, 0x0000000100000000)
  eden space 3584K, 99% used [0x00000000eab00000,0x00000000eae7ad90,0x00000000eae80000)
  from space 512K, 31% used [0x00000000eae80000,0x00000000eaea8000,0x00000000eaf00000)
  to   space 512K, 0% used [0x00000000eaf80000,0x00000000eaf80000,0x00000000eb000000)
 ParOldGen       total 240640K, used 227183K [0x00000000c0000000, 0x00000000ceb00000, 0x00000000eab00000)
  object space 240640K, 94% used [0x00000000c0000000,0x00000000cdddbfc8,0x00000000ceb00000)
 Metaspace       used 82735K, committed 83712K, reserved 1130496K
  class space    used 8133K, committed 8512K, reserved 1048576K
}
Event: 40184.841 GC heap after
{Heap after GC invocations=5622 (full 162):
 PSYoungGen      total 4096K, used 275K [0x00000000eab00000, 0x00000000eb000000, 0x0000000100000000)
  eden space 3584K, 0% used [0x00000000eab00000,0x00000000eab00000,0x00000000eae80000)
  from space 512K, 53% used [0x00000000eaf80000,0x00000000eafc4da8,0x00000000eb000000)
  to   space 512K, 0% used [0x00000000eae80000,0x00000000eae80000,0x00000000eaf00000)
 ParOldGen       total 240640K, used 227223K [0x00000000c0000000, 0x00000000ceb00000, 0x00000000eab00000)
  object space 240640K, 94% used [0x00000000c0000000,0x00000000cdde5fc8,0x00000000ceb00000)
 Metaspace       used 82735K, committed 83712K, reserved 1130496K
  class space    used 8133K, committed 8512K, reserved 1048576K
}
Event: 40184.867 GC heap before
{Heap before GC invocations=5623 (full 162):
 PSYoungGen      total 4096K, used 3859K [0x00000000eab00000, 0x00000000eb000000, 0x0000000100000000)
  eden space 3584K, 100% used [0x00000000eab00000,0x00000000eae80000,0x00000000eae80000)
  from space 512K, 53% used [0x00000000eaf80000,0x00000000eafc4da8,0x00000000eb000000)
  to   space 512K, 0% used [0x00000000eae80000,0x00000000eae80000,0x00000000eaf00000)
 ParOldGen       total 240640K, used 227223K [0x00000000c0000000, 0x00000000ceb00000, 0x00000000eab00000)
  object space 240640K, 94% used [0x00000000c0000000,0x00000000cdde5fc8,0x00000000ceb00000)
 Metaspace       used 82735K, committed 83712K, reserved 1130496K
  class space    used 8133K, committed 8512K, reserved 1048576K
}
Event: 40184.869 GC heap after
{Heap after GC invocations=5623 (full 162):
 PSYoungGen      total 4096K, used 512K [0x00000000eab00000, 0x00000000eb280000, 0x0000000100000000)
  eden space 3584K, 0% used [0x00000000eab00000,0x00000000eab00000,0x00000000eae80000)
  from space 512K, 100% used [0x00000000eae80000,0x00000000eaf00000,0x00000000eaf00000)
  to   space 2048K, 0% used [0x00000000eb080000,0x00000000eb080000,0x00000000eb280000)
 ParOldGen       total 240640K, used 228218K [0x00000000c0000000, 0x00000000ceb00000, 0x00000000eab00000)
  object space 240640K, 94% used [0x00000000c0000000,0x00000000cdedeac0,0x00000000ceb00000)
 Metaspace       used 82735K, committed 83712K, reserved 1130496K
  class space    used 8133K, committed 8512K, reserved 1048576K
}
Event: 40184.888 GC heap before
{Heap before GC invocations=5624 (full 162):
 PSYoungGen      total 4096K, used 3905K [0x00000000eab00000, 0x00000000eb280000, 0x0000000100000000)
  eden space 3584K, 94% used [0x00000000eab00000,0x00000000eae505f0,0x00000000eae80000)
  from space 512K, 100% used [0x00000000eae80000,0x00000000eaf00000,0x00000000eaf00000)
  to   space 2048K, 0% used [0x00000000eb080000,0x00000000eb080000,0x00000000eb280000)
 ParOldGen       total 240640K, used 228218K [0x00000000c0000000, 0x00000000ceb00000, 0x00000000eab00000)
  object space 240640K, 94% used [0x00000000c0000000,0x00000000cdedeac0,0x00000000ceb00000)
 Metaspace       used 82741K, committed 83712K, reserved 1130496K
  class space    used 8133K, committed 8512K, reserved 1048576K
}
Event: 40184.890 GC heap after
{Heap after GC invocations=5624 (full 162):
 PSYoungGen      total 5120K, used 1181K [0x00000000eab00000, 0x00000000eb200000, 0x0000000100000000)
  eden space 3584K, 0% used [0x00000000eab00000,0x00000000eab00000,0x00000000eae80000)
  from space 1536K, 76% used [0x00000000eb080000,0x00000000eb1a7420,0x00000000eb200000)
  to   space 1536K, 0% used [0x00000000eaf00000,0x00000000eaf00000,0x00000000eb080000)
 ParOldGen       total 240640K, used 228760K [0x00000000c0000000, 0x00000000ceb00000, 0x00000000eab00000)
  object space 240640K, 95% used [0x00000000c0000000,0x00000000cdf66348,0x00000000ceb00000)
 Metaspace       used 82741K, committed 83712K, reserved 1130496K
  class space    used 8133K, committed 8512K, reserved 1048576K
}
Event: 40184.900 GC heap before
{Heap before GC invocations=5625 (full 162):
 PSYoungGen      total 5120K, used 4765K [0x00000000eab00000, 0x00000000eb200000, 0x0000000100000000)
  eden space 3584K, 100% used [0x00000000eab00000,0x00000000eae80000,0x00000000eae80000)
  from space 1536K, 76% used [0x00000000eb080000,0x00000000eb1a7420,0x00000000eb200000)
  to   space 1536K, 0% used [0x00000000eaf00000,0x00000000eaf00000,0x00000000eb080000)
 ParOldGen       total 240640K, used 228760K [0x00000000c0000000, 0x00000000ceb00000, 0x00000000eab00000)
  object space 240640K, 95% used [0x00000000c0000000,0x00000000cdf66348,0x00000000ceb00000)
 Metaspace       used 82741K, committed 83712K, reserved 1130496K
  class space    used 8133K, committed 8512K, reserved 1048576K
}
Event: 40184.905 GC heap after
{Heap after GC invocations=5625 (full 162):
 PSYoungGen      total 5120K, used 1524K [0x00000000eab00000, 0x00000000eb980000, 0x0000000100000000)
  eden space 3584K, 0% used [0x00000000eab00000,0x00000000eab00000,0x00000000eae80000)
  from space 1536K, 99% used [0x00000000eaf00000,0x00000000eb07d020,0x00000000eb080000)
  to   space 5632K, 0% used [0x00000000eb400000,0x00000000eb400000,0x00000000eb980000)
 ParOldGen       total 240640K, used 231869K [0x00000000c0000000, 0x00000000ceb00000, 0x00000000eab00000)
  object space 240640K, 96% used [0x00000000c0000000,0x00000000ce26f778,0x00000000ceb00000)
 Metaspace       used 82741K, committed 83712K, reserved 1130496K
  class space    used 8133K, committed 8512K, reserved 1048576K
}
Event: 40184.917 GC heap before
{Heap before GC invocations=5626 (full 162):
 PSYoungGen      total 5120K, used 5108K [0x00000000eab00000, 0x00000000eb980000, 0x0000000100000000)
  eden space 3584K, 100% used [0x00000000eab00000,0x00000000eae80000,0x00000000eae80000)
  from space 1536K, 99% used [0x00000000eaf00000,0x00000000eb07d020,0x00000000eb080000)
  to   space 5632K, 0% used [0x00000000eb400000,0x00000000eb400000,0x00000000eb980000)
 ParOldGen       total 240640K, used 231869K [0x00000000c0000000, 0x00000000ceb00000, 0x00000000eab00000)
  object space 240640K, 96% used [0x00000000c0000000,0x00000000ce26f778,0x00000000ceb00000)
 Metaspace       used 82741K, committed 83712K, reserved 1130496K
  class space    used 8133K, committed 8512K, reserved 1048576K
}
Event: 40184.923 GC heap after
{Heap after GC invocations=5626 (full 162):
 PSYoungGen      total 7680K, used 3648K [0x00000000eab00000, 0x00000000eb800000, 0x0000000100000000)
  eden space 3584K, 0% used [0x00000000eab00000,0x00000000eab00000,0x00000000eae80000)
  from space 4096K, 89% used [0x00000000eb400000,0x00000000eb790000,0x00000000eb800000)
  to   space 4096K, 0% used [0x00000000eb000000,0x00000000eb000000,0x00000000eb400000)
 ParOldGen       total 240640K, used 233441K [0x00000000c0000000, 0x00000000ceb00000, 0x00000000eab00000)
  object space 240640K, 97% used [0x00000000c0000000,0x00000000ce3f8798,0x00000000ceb00000)
 Metaspace       used 82741K, committed 83712K, reserved 1130496K
  class space    used 8133K, committed 8512K, reserved 1048576K
}
Event: 40184.937 GC heap before
{Heap before GC invocations=5627 (full 162):
 PSYoungGen      total 7680K, used 7232K [0x00000000eab00000, 0x00000000eb800000, 0x0000000100000000)
  eden space 3584K, 100% used [0x00000000eab00000,0x00000000eae80000,0x00000000eae80000)
  from space 4096K, 89% used [0x00000000eb400000,0x00000000eb790000,0x00000000eb800000)
  to   space 4096K, 0% used [0x00000000eb000000,0x00000000eb000000,0x00000000eb400000)
 ParOldGen       total 240640K, used 233441K [0x00000000c0000000, 0x00000000ceb00000, 0x00000000eab00000)
  object space 240640K, 97% used [0x00000000c0000000,0x00000000ce3f8798,0x00000000ceb00000)
 Metaspace       used 82741K, committed 83712K, reserved 1130496K
  class space    used 8133K, committed 8512K, reserved 1048576K
}
Event: 40184.943 GC heap after
{Heap after GC invocations=5627 (full 162):
 PSYoungGen      total 8192K, used 3540K [0x00000000eab00000, 0x00000000eb780000, 0x0000000100000000)
  eden space 4608K, 0% used [0x00000000eab00000,0x00000000eab00000,0x00000000eaf80000)
  from space 3584K, 98% used [0x00000000eb000000,0x00000000eb375200,0x00000000eb380000)
  to   space 4096K, 0% used [0x00000000eb380000,0x00000000eb380000,0x00000000eb780000)
 ParOldGen       total 240640K, used 237057K [0x00000000c0000000, 0x00000000ceb00000, 0x00000000eab00000)
  object space 240640K, 98% used [0x00000000c0000000,0x00000000ce780798,0x00000000ceb00000)
 Metaspace       used 82741K, committed 83712K, reserved 1130496K
  class space    used 8133K, committed 8512K, reserved 1048576K
}
Event: 40184.943 GC heap before
{Heap before GC invocations=5628 (full 163):
 PSYoungGen      total 8192K, used 3540K [0x00000000eab00000, 0x00000000eb780000, 0x0000000100000000)
  eden space 4608K, 0% used [0x00000000eab00000,0x00000000eab00000,0x00000000eaf80000)
  from space 3584K, 98% used [0x00000000eb000000,0x00000000eb375200,0x00000000eb380000)
  to   space 4096K, 0% used [0x00000000eb380000,0x00000000eb380000,0x00000000eb780000)
 ParOldGen       total 240640K, used 237057K [0x00000000c0000000, 0x00000000ceb00000, 0x00000000eab00000)
  object space 240640K, 98% used [0x00000000c0000000,0x00000000ce780798,0x00000000ceb00000)
 Metaspace       used 82741K, committed 83712K, reserved 1130496K
  class space    used 8133K, committed 8512K, reserved 1048576K
}

